<?xml version="1.0" encoding="UTF-8"?>
<!-- Generated by org.testng.reporters.JUnitReportReporter -->
<testsuite skipped="0" hostname="Jasmine" name="com.GroupingIgnoreDepOnmethods.Grouping" tests="1" failures="0" timestamp="2023-11-15T15:42:54 IST" time="15.775" errors="0">
  <testcase name="Caunch_Url" time="15.775" classname="com.GroupingIgnoreDepOnmethods.Grouping"/>
  <system-out/>
</testsuite> <!-- com.GroupingIgnoreDepOnmethods.Grouping -->
