<?xml version="1.0" encoding="UTF-8"?>
<!-- Generated by org.testng.reporters.JUnitReportReporter -->
<testsuite skipped="0" hostname="Jasmine" name="com.InvocationCount.CountTests" tests="7" failures="0" timestamp="2023-11-14T18:09:59 IST" time="75.029" errors="0">
  <testcase name="QuitBrowser" time="6.947" classname="com.InvocationCount.CountTests"/>
  <system-out/>
  <testcase name="BrowserLaunch" time="8.226" classname="com.InvocationCount.CountTests"/>
  <system-out/>
  <testcase name="BrowserLaunch" time="9.201" classname="com.InvocationCount.CountTests"/>
  <system-out/>
  <testcase name="BrowserLaunch" time="15.409" classname="com.InvocationCount.CountTests"/>
  <system-out/>
  <testcase name="Launch_Url" time="13.756" classname="com.InvocationCount.CountTests"/>
  <system-out/>
  <testcase name="BrowserLaunch" time="8.226" classname="com.InvocationCount.CountTests"/>
  <system-out/>
  <testcase name="BrowserLaunch" time="13.264" classname="com.InvocationCount.CountTests"/>
  <system-out/>
</testsuite> <!-- com.InvocationCount.CountTests -->
