<?xml version="1.0" encoding="UTF-8"?>
<!-- Generated by org.testng.reporters.JUnitReportReporter -->
<testsuite skipped="0" hostname="Jasmine" name="com.ParallelTest.RunParallel" tests="6" failures="0" timestamp="2023-11-14T17:52:22 IST" time="94.791" errors="0">
  <testcase name="QuitBrowser" time="5.278" classname="com.ParallelTest.RunParallel"/>
  <system-out/>
  <testcase name="BrowserLaunch" time="11.567" classname="com.ParallelTest.RunParallel"/>
  <system-out/>
  <testcase name="BrowserLaunch" time="11.567" classname="com.ParallelTest.RunParallel"/>
  <system-out/>
  <testcase name="QuitBrowser" time="5.289" classname="com.ParallelTest.RunParallel"/>
  <system-out/>
  <testcase name="Launch_Url" time="30.551" classname="com.ParallelTest.RunParallel"/>
  <system-out/>
  <testcase name="Launch_Url" time="30.539" classname="com.ParallelTest.RunParallel"/>
  <system-out/>
</testsuite> <!-- com.ParallelTest.RunParallel -->
